112822657121:{"id":"5730b8ca8ab72b1400f9c707","value":1,"username":"exr0n","date":"2021-10-09T20:25:47.369Z"}
112994418762:{"id":"5730bdfe396df9190009630e","value":2,"username":"baguette","date":"2021-10-06T06:40:37.438Z"}
112994418862:{"id":"572957ad1d046914007792dc","value":4,"username":"baguette","date":"2021-10-06T06:40:45.467Z"}
112994418962:{"id":"57378c9b1c456719005744aa","value":2,"username":"baguette","date":"2021-10-06T06:40:57.731Z"}
112994419062:{"id":"5727fd123acd2414000df187","value":1,"username":"baguette","date":"2021-10-06T06:41:09.036Z"}
112994419162:{"id":"572ffc0f947a6a140053cef0","value":5,"username":"baguette","date":"2021-10-06T06:41:16.026Z"}
112994419262:{"id":"5733d7cbd058e614000b63ad","value":5,"username":"baguette","date":"2021-10-06T06:41:24.755Z"}
112994419362:{"id":"56bf6e7a3aeaaa14008c9621","value":5,"username":"baguette","date":"2021-10-06T06:41:31.938Z"}
112994419462:{"id":"572872dd2ca10214002da380","value":1,"username":"baguette","date":"2021-10-06T06:41:37.577Z"}
112994419562:{"id":"5729714daf94a219006aa42f","value":4,"username":"null","date":"2021-10-06T17:27:20.025Z"}
112994419658:{"id":"57264586f1498d1400e8dac9","value":5,"username":"null","date":"2021-10-06T17:28:41.768Z"}
112994419754:{"id":"572ffd75b2c2fd14005686e6","value":5,"username":"null","date":"2021-10-06T17:28:53.556Z"}
112994419850:{"id":"5729da0faf94a219006aa676","value":1,"username":"flowrock","date":"2021-10-06T17:30:13.072Z"}
112994419950:{"id":"572989846aef051400154fc4","value":5,"username":"flowrock","date":"2021-10-06T17:30:34.940Z"}
112994420050:{"id":"5705e99452bb89140068968b","value":4,"username":"flowrock","date":"2021-10-06T17:30:42.267Z"}
112994420150:{"id":"572881704b864d1900164a53","value":5,"username":"flowrock","date":"2021-10-06T17:30:52.941Z"}
112994420250:{"id":"57296c5c3f37b31900478380","value":4,"username":"flowrock","date":"2021-10-06T17:31:27.684Z"}
112994420350:{"id":"572699b55951b619008f7792","value":5,"username":"flowrock","date":"2021-10-06T17:31:48.105Z"}
112994420450:{"id":"5726fc63dd62a815002e9708","value":1,"username":"Poke","date":"2021-10-06T21:45:42.434Z"}
112994420546:{"id":"57265bdfdd62a815002e82a1","value":4,"username":"Poke","date":"2021-10-06T21:46:52.887Z"}
112994420642:{"id":"56e0ff5dcd28a01900c673fd","value":5,"username":"Poke","date":"2021-10-06T21:47:16.378Z"}
112994420738:{"id":"56bf10f43aeaaa14008c94fe","value":5,"username":"Poke","date":"2021-10-06T21:47:28.357Z"}
112994420834:{"id":"572faec7b2c2fd1400568333","value":4,"username":"Poke","date":"2021-10-06T21:48:22.789Z"}
112994420930:{"id":"56f8afbc9b226e1400dd0e07","value":4,"username":"exr0n","date":"2021-10-08T15:56:30.615Z"}
112994421027:{"id":"573005b9947a6a140053cf6e","value":5,"username":"exr0n","date":"2021-10-08T15:56:58.459Z"}
112994421124:{"id":"5729e500af94a219006aa6b5","value":4,"username":"exr0n","date":"2021-10-08T15:57:15.197Z"}
112994421221:{"id":"5725c01389a1e219009abdd7","value":4,"username":"exr0n","date":"2021-10-08T15:57:32.876Z"}
112994421318:{"id":"5726534d708984140094c270","value":5,"username":"exr0n","date":"2021-10-08T15:57:37.575Z"}
112994421415:{"id":"5726fe95dd62a815002e9733","value":1,"username":"exr0n","date":"2021-10-08T15:57:43.038Z"}
112994421512:{"id":"573003dd947a6a140053cf43","value":4,"username":"exr0n","date":"2021-10-08T15:57:59.581Z"}
112994421609:{"id":"56f8bbb09e9bad19000a03db","value":1,"username":"exr0n","date":"2021-10-08T15:58:04.043Z"}
112994421706:{"id":"5728855d3acd2414000dfa90","value":2,"username":"exr0n","date":"2021-10-08T15:58:07.621Z"}
112994421803:{"id":"572940973f37b319004781a7","value":2,"username":"exr0n","date":"2021-10-08T15:58:11.954Z"}
112994421900:{"id":"5730069004bcaa1900d7702f","value":4,"username":"shomk","date":"2021-10-09T05:19:49.193Z"}
112994421997:{"id":"57302e45947a6a140053d22e","value":5,"username":"shomk","date":"2021-10-09T05:20:17.029Z"}
112994422094:{"id":"572699db5951b619008f779c","value":3,"username":"shomk","date":"2021-10-09T05:20:44.410Z"}
112994422191:{"id":"5710e9f8a58dae1900cd6b34","value":4,"username":"shomk","date":"2021-10-09T05:20:50.787Z"}
112994422288:{"id":"56d9c551dc89441400fdb7d3","value":5,"username":"shomk","date":"2021-10-09T05:21:07.761Z"}
112994422385:{"id":"5726577f708984140094c303","value":5,"username":"shomk","date":"2021-10-09T05:21:09.186Z"}
112994422482:{"id":"5728eb1a3acd2414000e01c7","value":5,"username":"shomk","date":"2021-10-09T05:21:23.890Z"}
112994422579:{"id":"572758e0f1498d1400e8f6b0","value":3,"username":"shomk","date":"2021-10-09T05:21:43.225Z"}
112994422676:{"id":"56e77a8700c9c71400d7718c","value":5,"username":"shomk","date":"2021-10-09T05:24:49.527Z"}
124897189985:{"id":"-8779637572615497420","value":5,"username":"exr0n","date":"2021-09-29T07:28:15.405Z"}
124897190078:{"id":"572686fc708984140094c8e5","value":1,"username":"exr0n","date":"2021-09-29T07:28:18.594Z"}
124897190175:{"id":"571cd703dd7acb1400e4c185","value":1,"username":"exr0n","date":"2021-09-29T07:28:54.343Z"}
124897190272:{"id":"5733f410d058e614000b6664","value":3,"username":"exr0n","date":"2021-09-29T07:29:04.468Z"}
124897190369:{"id":"5546252307094163369","value":4,"username":"exr0n","date":"2021-09-29T07:29:13.357Z"}
125209928552:{"id":"56dfa2c54a1a83140091ebf4","value":5,"username":"exr0n","date":"2021-10-09T19:49:54.118Z"}
125209928649:{"id":"56f84e63aef2371900625fc4","value":2,"username":"exr0n","date":"2021-10-09T19:49:58.035Z"}
125637926157:125209928552-{"id":"56dfa2c54a1a83140091ebf4","value":5,"username":"exr0n","date":"2021-10-09T19:49:54.118Z"}
125637926267:125209928649:{"id":"56f84e63aef2371900625fc4","value":2,"username":"exr0n","date":"2021-10-09T19:49:58.035Z"}
125638064437:132008624214-{"id":"56dfa2c54a1a83140091ebf4","value":5,"username":"exr0n","date":"2021-10-09T19:49:54.118Z"}
125638064547:132008624311:{"id":"56f84e63aef2371900625fc4","value":2,"username":"exr0n","date":"2021-10-09T19:49:58.035Z"}
132008624214:{"id":"56dfa2c54a1a83140091ebf4","value":5,"username":"exr0n","date":"2021-10-09T19:49:54.118Z"}
132008624311:{"id":"56f84e63aef2371900625fc4","value":2,"username":"exr0n","date":"2021-10-09T19:49:58.035Z"}
172819992660:{"id":"572a0e0e1d04691400779709","value":5,"username":"Poke","date":"2021-10-06T00:07:43.881Z"}
172819992756:{"id":"5730b7ce069b5314008322c3","value":1,"username":"baguette","date":"2021-10-06T00:07:50.379Z"}
172819992856:{"id":"572a0a391d046914007796e3","value":5,"username":"baguette","date":"2021-10-06T00:08:07.513Z"}
172819992956:{"id":"57060a6e52bb8914006897f8","value":5,"username":"baguette","date":"2021-10-06T00:08:13.289Z"}
172819993056:{"id":"57294baaaf94a219006aa26d","value":1,"username":"baguette","date":"2021-10-06T00:08:32.402Z"}
172819993156:{"id":"56e0bcc0231d4119001ac36e","value":4,"username":"Poke","date":"2021-10-06T00:08:35.185Z"}
172819993252:{"id":"572f609ca23a5019007fc5b1","value":1,"username":"baguette","date":"2021-10-06T00:09:29.557Z"}
172819993352:{"id":"5733d2dbd058e614000b6339","value":5,"username":"baguette","date":"2021-10-06T00:09:37.755Z"}
172819993452:{"id":"56e74d1f00c9c71400d76f70","value":2,"username":"Poke","date":"2021-10-06T00:09:51.229Z"}
172819993548:{"id":"5725fcbe271a42140099d3af","value":5,"username":"exr0n","date":"2021-10-06T00:10:33.536Z"}
172819993645:{"id":"572fe1d404bcaa1900d76e37","value":2,"username":"baguette","date":"2021-10-06T00:10:35.994Z"}
172819993745:{"id":"5705f36452bb89140068971b","value":2,"username":"baguette","date":"2021-10-06T00:10:42.315Z"}
172819993845:{"id":"56e10f14e3433e1400422b5d","value":2,"username":"Poke","date":"2021-10-06T00:10:42.548Z"}
172819993941:{"id":"57268d2ddd62a815002e894e","value":5,"username":"Poke","date":"2021-10-06T00:11:12.900Z"}
172819994037:{"id":"572fe60fb2c2fd140056858e","value":1,"username":"baguette","date":"2021-10-06T00:11:16.268Z"}
172819994137:{"id":"56dde27d9a695914005b9651","value":2,"username":"baguette","date":"2021-10-06T00:11:28.802Z"}
172819994237:{"id":"56e100b6cd28a01900c67405","value":5,"username":"baguette","date":"2021-10-06T00:11:38.182Z"}
172819994337:{"id":"5726398589a1e219009ac588","value":5,"username":"baguette","date":"2021-10-06T00:11:51.898Z"}
172819994437:{"id":"56e0b9d57aa994140058e6c5","value":5,"username":"Poke","date":"2021-10-06T00:12:01.719Z"}
172819994533:{"id":"5729a03f1d04691400779595","value":2,"username":"baguette","date":"2021-10-06T00:12:02.541Z"}
172819994633:{"id":"56e1a0dccd28a01900c67a2f","value":2,"username":"baguette","date":"2021-10-06T00:12:13.080Z"}
172819994733:{"id":"57300580b2c2fd1400568750","value":5,"username":"Poke","date":"2021-10-06T00:12:17.239Z"}
172819994829:{"id":"56dddf4066d3e219004dad61","value":1,"username":"baguette","date":"2021-10-06T00:12:38.447Z"}
172819994929:{"id":"56e0fe85e3433e1400422a6b","value":5,"username":"Poke","date":"2021-10-06T00:12:46.681Z"}
172819995025:{"id":"57281f203acd2414000df4f6","value":4,"username":"baguette","date":"2021-10-06T00:13:06.942Z"}
172819995125:{"id":"56e0f5a6231d4119001ac4d6","value":1,"username":"baguette","date":"2021-10-06T00:13:14.110Z"}
172819995225:{"id":"57094b4f9928a814004714f7","value":2,"username":"baguette","date":"2021-10-06T00:13:24.730Z"}
172819995325:{"id":"57263dcd89a1e219009ac5a3","value":5,"username":"baguette","date":"2021-10-06T00:14:16.574Z"}
172819995425:{"id":"572fd6aa04bcaa1900d76da1","value":1,"username":"baguette","date":"2021-10-06T00:14:25.580Z"}
172819995525:{"id":"57273455f1498d1400e8f48c","value":1,"username":"baguette","date":"2021-10-06T00:14:31.539Z"}
172819995625:{"id":"56dde0ba66d3e219004dad76","value":4,"username":"baguette","date":"2021-10-06T00:14:38.996Z"}
172819995725:{"id":"572648d1708984140094c15e","value":1,"username":"baguette","date":"2021-10-06T00:14:53.932Z"}
172819995825:{"id":"57261f9f271a42140099d4ac","value":4,"username":"baguette","date":"2021-10-06T00:15:06.879Z"}
172819995925:{"id":"5710e8c8a58dae1900cd6b27","value":4,"username":"optimal quince","date":"2021-10-06T00:15:18.573Z"}
172819996031:{"id":"572658435951b619008f7026","value":4,"username":"optimal quince","date":"2021-10-06T00:15:21.531Z"}
172819996137:{"id":"5728dc2d3acd2414000e0081","value":5,"username":"baguette","date":"2021-10-06T00:15:24.107Z"}
172819996237:{"id":"5734025d4776f419006616c5","value":1,"username":"baguette","date":"2021-10-06T00:15:27.998Z"}
172819996337:{"id":"56e0fa5b7aa994140058e85b","value":5,"username":"baguette","date":"2021-10-06T00:15:35.836Z"}
172819996437:{"id":"56f89a959b226e1400dd0c9e","value":4,"username":"baguette","date":"2021-10-06T00:15:43.360Z"}
172819996537:{"id":"57263ea0271a42140099d7c6","value":4,"username":"baguette","date":"2021-10-06T00:16:06.127Z"}
181938216281:{"id":"572885023acd2414000dfa86","value":2,"username":"exr0n","date":"2021-09-29T07:56:29.061Z"}
181938216379:{"id":"56e10043e3433e1400422a87","value":4,"username":"exr0n","date":"2021-09-29T07:56:47.798Z"}
181938216477:{"id":"57293c246aef051400154bba","value":3,"username":"exr0n","date":"2021-09-29T07:56:54.843Z"}
181938216575:{"id":"5209579801255294507","value":4,"username":"exr0n","date":"2021-09-29T07:57:01.786Z"}
181938216668:{"id":"56e1a564cd28a01900c67a4b","value":2,"username":"exr0n","date":"2021-09-29T07:57:10.349Z"}
181938216766:{"id":"572921646aef051400154a78","value":2,"username":"exr0n","date":"2021-09-29T14:45:43.978Z"}
181938216864:{"id":"5727d4922ca10214002d977c","value":2,"username":"exr0n","date":"2021-09-29T14:45:57.393Z"}
181938216962:{"id":"56e77b8c00c9c71400d77194","value":1,"username":"exr0n","date":"2021-09-29T14:46:06.812Z"}
181938217060:{"id":"572870b2ff5b5019007da222","value":1,"username":"exr0n","date":"2021-09-29T14:46:18.917Z"}
181938217158:{"id":"56df9e2838dc4217001520f8","value":4,"username":"exr0n","date":"2021-09-29T14:46:29.353Z"}
181938217256:{"id":"5729da0faf94a219006aa677","value":4,"username":"exr0n","date":"2021-09-29T14:46:36.658Z"}
181938217354:{"id":"572fd6aa04bcaa1900d76da0","value":2,"username":"exr0n","date":"2021-09-29T14:46:45.937Z"}
181938217452:{"id":"5728fb002ca10214002dab6e","value":4,"username":"exr0n","date":"2021-09-29T14:46:53.511Z"}
181938217550:{"id":"57108073b654c5140001f928","value":1,"username":"exr0n","date":"2021-09-29T14:46:57.415Z"}
181938217648:{"id":"6784181890405018973","value":1,"username":"exr0n","date":"2021-09-29T14:47:05.231Z"}
181938217741:{"id":"5726dcbddd62a815002e9323","value":2,"username":"exr0n","date":"2021-09-29T15:06:48.658Z"}
181938217839:{"id":"5725c01389a1e219009abdd7","value":4,"username":"exr0n","date":"2021-09-30T00:47:03.312Z"}
181938217937:{"id":"5345240895163634372","value":5,"username":"exr0n","date":"2021-09-30T00:47:09.693Z"}
181938218030:{"id":"56e0e5f37aa994140058e78e","value":5,"username":"exr0n","date":"2021-09-30T00:47:22.079Z"}
181938218128:{"id":"5710e9f8a58dae1900cd6b34","value":4,"username":"exr0n","date":"2021-09-30T00:47:26.496Z"}
181938218226:{"id":"841220327507817912","value":5,"username":"exr0n","date":"2021-09-30T00:47:41.618Z"}
181938218318:{"id":"570d30fdfed7b91900d45ce5","value":4,"username":"exr0n","date":"2021-09-30T00:47:53.292Z"}
181938218416:{"id":"5726f868dd62a815002e9684","value":5,"username":"exr0n","date":"2021-09-30T00:48:04.129Z"}
181938218514:{"id":"3483176169992026","value":5,"username":"exr0n","date":"2021-09-30T00:48:09.837Z"}
181938218604:{"id":"56e1b62ecd28a01900c67aa6","value":2,"username":"exr0n","date":"2021-09-30T00:48:30.966Z"}
181938218702:{"id":"57115b8b50c2381900b54a8a","value":1,"username":"exr0n","date":"2021-09-30T00:48:48.215Z"}
181938218800:{"id":"56f8837aa6d7ea1400e17700","value":2,"username":"exr0n","date":"2021-09-30T02:16:06.476Z"}
181938218898:{"id":"572f6c85947a6a140053c941","value":4,"username":"exr0n","date":"2021-09-30T02:37:49.227Z"}
181938218996:{"id":"-683452241984605891","value":2,"username":"exr0n","date":"2021-09-30T02:37:55.076Z"}
181938219089:{"id":"4892653597092348589","value":4,"username":"exr0n","date":"2021-09-30T03:38:59.483Z"}
181938219182:{"id":"6951444749732175238","value":5,"username":"exr0n","date":"2021-09-30T03:39:06.004Z"}
181938219275:{"id":"-8282701424725885848","value":4,"username":"exr0n","date":"2021-09-30T03:39:12.575Z"}
181938219369:{"id":"57296f85af94a219006aa407","value":5,"username":"exr0n","date":"2021-09-30T03:39:22.674Z"}
211121905548:{"id":"571cc5c45efbb31900334dda","value":3,"username":"exr0n","date":"2021-09-29T07:32:46.653Z"}
211121905761:{"id":"-2008817761344868213","value":4,"username":"exr0n","date":"2021-09-29T07:32:50.861Z"}
235203231809:{"id":"572913626aef051400154a32","value":3,"username":"baguette","date":"2021-10-06T00:16:24.271Z"}
235203231909:{"id":"5725bbec271a42140099d0d5","value":2,"username":"baguette","date":"2021-10-06T00:16:31.600Z"}
235203232009:{"id":"573368044776f41900660a29","value":4,"username":"baguette","date":"2021-10-06T00:16:37.165Z"}
235203232109:{"id":"57377c98c3c5551400e51efe","value":1,"username":"baguette","date":"2021-10-06T00:16:41.344Z"}
235203232209:{"id":"5726c9b0dd62a815002e9049","value":4,"username":"baguette","date":"2021-10-06T00:16:48.599Z"}
235203232309:{"id":"5725e08389a1e219009ac011","value":4,"username":"baguette","date":"2021-10-06T00:17:09.553Z"}
235203232409:{"id":"572f64ccb2c2fd14005680b8","value":3,"username":"baguette","date":"2021-10-06T00:18:12.501Z"}
235203232509:{"id":"570603c475f01819005e7886","value":4,"username":"baguette","date":"2021-10-06T00:18:17.911Z"}
235203232609:{"id":"573003dd947a6a140053cf46","value":2,"username":"baguette","date":"2021-10-06T00:18:22.305Z"}
235203232709:{"id":"572965566aef051400154e01","value":3,"username":"baguette","date":"2021-10-06T00:18:29.128Z"}
235203232809:{"id":"56e0cbf3231d4119001ac3ae","value":5,"username":"baguette","date":"2021-10-06T00:18:56.705Z"}
235203232909:{"id":"56df9e2838dc4217001520f8","value":3,"username":"baguette","date":"2021-10-06T00:19:12.053Z"}
235203233009:{"id":"5726e313f1498d1400e8eeb5","value":2,"username":"baguette","date":"2021-10-06T00:19:21.741Z"}
235203233109:{"id":"56e10043e3433e1400422a87","value":1,"username":"baguette","date":"2021-10-06T00:19:30.414Z"}
235203233209:{"id":"56e0cdb9231d4119001ac3c8","value":5,"username":"baguette","date":"2021-10-06T00:19:35.221Z"}
235203233309:{"id":"571ce5055efbb31900334e2d","value":5,"username":"baguette","date":"2021-10-06T00:20:03.822Z"}
235203233409:{"id":"614:3123:bert_large:squad,573407d7d058e614000b6814,French and Indian War,In September 1760\"","value":1,"username":"baguette","date":"2021-10-06T00:20:36.791Z"}
235203233577:{"id":"56d9992fdc89441400fdb5a0","value":1,"username":"baguette","date":"2021-10-06T00:20:57.750Z"}
235203233677:{"id":"57273c01f1498d1400e8f4e2","value":4,"username":"baguette","date":"2021-10-06T00:21:02.651Z"}
235203233777:{"id":"57060f3e75f01819005e7923","value":4,"username":"baguette","date":"2021-10-06T00:21:23.211Z"}
235203233877:{"id":"5726e3c4dd62a815002e9404","value":3,"username":"baguette","date":"2021-10-06T00:21:32.057Z"}
235203233977:{"id":"56beb0f43aeaaa14008c921f","value":1,"username":"baguette","date":"2021-10-06T00:21:35.947Z"}
235203234077:{"id":"572821274b864d1900164514","value":3,"username":"baguette","date":"2021-10-06T00:21:43.730Z"}
235203234177:{"id":"57264228ec44d21400f3dcf8","value":3,"username":null,"date":"2021-10-06T03:38:33.671Z"}
235203234271:{"id":"57268692dd62a815002e8826","value":2,"username":null,"date":"2021-10-06T03:39:44.099Z"}
235203234365:{"id":"56d600e31c85041400946eb1","value":5,"username":"exr0n","date":"2021-10-06T03:42:51.310Z"}
235203234462:{"id":"5730b8ca8ab72b1400f9c706","value":2,"username":"null","date":"2021-10-06T03:53:56.068Z"}
235203234558:{"id":"5729276c1d046914007790d9","value":5,"username":"null","date":"2021-10-06T03:55:06.450Z"}
235203234654:{"id":"56e75d5037bdd419002c3ef8","value":4,"username":"null","date":"2021-10-06T03:55:41.685Z"}
235203234750:{"id":"5728fb002ca10214002dab6e","value":2,"username":"null","date":"2021-10-06T03:57:04.126Z"}
235203234846:{"id":"56f80e1daef2371900625d8e","value":3,"username":"null","date":"2021-10-06T03:58:01.695Z"}
235203234942:{"id":"572654e2708984140094c2b9","value":4,"username":"null","date":"2021-10-06T03:59:07.183Z"}
235203235038:{"id":"56de3cd0cffd8e1900b4b6bf","value":4,"username":"null","date":"2021-10-06T03:59:46.317Z"}
235203235134:{"id":"57294209af94a219006aa204","value":5,"username":"null","date":"2021-10-06T04:00:13.593Z"}
235203235230:{"id":"5726bf135951b619008f7cec","value":4,"username":"null","date":"2021-10-06T04:00:19.475Z"}
235203235326:{"id":"56de49a8cffd8e1900b4b7a8","value":4,"username":"null","date":"2021-10-06T04:00:35.718Z"}
235203235422:{"id":"57293c246aef051400154bba","value":4,"username":"null","date":"2021-10-06T04:00:46.343Z"}
235203235518:{"id":"572726c9708984140094da7b","value":2,"username":"null","date":"2021-10-06T04:02:01.286Z"}
235203235614:{"id":"5710eb6fb654c5140001fa18","value":2,"username":"baguette","date":"2021-10-06T06:40:10.107Z"}
235203235714:{"id":"5710f2e2a58dae1900cd6b74","value":3,"username":"baguette","date":"2021-10-06T06:40:18.477Z"}
302976036940:{"id":"56e7560937bdd419002c3e8d","value":5,"username":"sassy xylophone","date":"2021-10-01T06:51:17.633Z"}
302976037047:{"id":"-7316804870655435754","value":1,"username":"sassy xylophone","date":"2021-10-01T06:51:21.771Z"}
302976037150:{"id":"56f89a959b226e1400dd0c9e","value":5,"username":"null","date":"2021-10-01T06:51:47.112Z"}
302976037246:{"id":"-5173237741188393268","value":4,"username":"null","date":"2021-10-01T06:51:58.616Z"}
302976037338:{"id":"5734025d4776f419006616c5","value":5,"username":"null","date":"2021-10-01T06:53:11.830Z"}
302976037434:{"id":"56bec8a13aeaaa14008c9436","value":1,"username":"null","date":"2021-10-01T06:53:17.316Z"}
302976037530:{"id":"244193005896737009","value":1,"username":"null","date":"2021-10-01T06:53:22.764Z"}
302976037620:{"id":"56de17f9cffd8e1900b4b5e3","value":5,"username":"whimsical ruler","date":"2021-10-01T06:56:16.110Z"}
302976037727:{"id":"-7882370774317672666","value":5,"username":"whimsical ruler","date":"2021-10-01T06:56:23.227Z"}
302976037830:{"id":"4875731875270192296","value":5,"username":"whimsical ruler","date":"2021-10-01T06:56:28.447Z"}
302976037932:{"id":"56e05900231d4119001ac04e","value":4,"username":"whimsical ruler","date":"2021-10-01T06:56:35.785Z"}
302976038039:{"id":"-4020899936046167868","value":4,"username":"whimsical ruler","date":"2021-10-01T06:56:43.029Z"}
302976038142:{"id":"-1690552203537877210","value":2,"username":"whimsical ruler","date":"2021-10-01T06:57:07.871Z"}
302976038245:{"id":"-683452241984605891","value":1,"username":"whimsical ruler","date":"2021-10-01T06:57:10.796Z"}
302976038347:{"id":"-1741578904166746658","value":1,"username":"whimsical ruler","date":"2021-10-01T06:57:14.441Z"}
302976038450:{"id":"3224206782218830588","value":4,"username":"whimsical ruler","date":"2021-10-01T06:57:26.634Z"}
302976038552:{"id":"56e0d54a7aa994140058e76b","value":5,"username":"whimsical ruler","date":"2021-10-01T06:59:06.229Z"}
302976038659:{"id":"57291fb4af94a219006aa0b4","value":1,"username":"whimsical ruler","date":"2021-10-01T06:59:15.451Z"}
302976038766:{"id":"56e12005cd28a01900c6761a","value":5,"username":"whimsical ruler","date":"2021-10-01T06:59:21.091Z"}
302976038873:{"id":"-3225324984946009452","value":4,"username":"whimsical ruler","date":"2021-10-01T07:00:10.049Z"}
302976038976:{"id":"5729e2316aef0514001550c8","value":2,"username":"whimsical ruler","date":"2021-10-01T07:00:18.761Z"}
302976039083:{"id":"6092383183150052800","value":1,"username":"whimsical ruler","date":"2021-10-01T07:00:27.500Z"}
302976039185:{"id":"3425118187127104109","value":1,"username":"whimsical ruler","date":"2021-10-01T07:00:32.725Z"}
302976039287:{"id":"56e7560937bdd419002c3e8d","value":5,"username":"whimsical ruler","date":"2021-10-01T07:00:47.481Z"}
302976039394:{"id":"571c91c8dd7acb1400e4c10b","value":5,"username":"whimsical ruler","date":"2021-10-01T07:00:49.996Z"}
302976039501:{"id":"5726a00cf1498d1400e8e551","value":2,"username":"whimsical ruler","date":"2021-10-01T07:00:58.477Z"}
302976039608:{"id":"572860e03acd2414000df977","value":4,"username":"whimsical ruler","date":"2021-10-01T07:01:01.901Z"}
302976039715:{"id":"-2245042029141852305","value":1,"username":"whimsical ruler","date":"2021-10-01T07:01:05.435Z"}
302976039818:{"id":"1518602326830648296","value":2,"username":"whimsical ruler","date":"2021-10-01T07:01:12.475Z"}
302976039920:{"id":"1972479812848547406","value":1,"username":"whimsical ruler","date":"2021-10-01T07:01:40.821Z"}
302976040022:{"id":"240928824342358565","value":5,"username":"whimsical ruler","date":"2021-10-01T07:01:58.609Z"}
302976040123:{"id":"736:3249:bert_large:squad,5730b6592461fd1900a9cfd2,Imperialism,A resurgence came in the late 19th century\"","value":1,"username":"whimsical ruler","date":"2021-10-01T07:02:08.153Z"}
302976040313:{"id":"56f89a959b226e1400dd0c9e","value":5,"username":"whimsical ruler","date":"2021-10-01T07:02:10.659Z"}
302976040420:{"id":"8922896802424662268","value":5,"username":"exr0n","date":"2021-10-01T07:07:25.006Z"}
302976040512:{"id":"5345240895163634372","value":5,"username":"exr0n","date":"2021-10-01T07:11:14.375Z"}
302976040604:{"id":"572fbea404bcaa1900d76c5c","value":5,"username":"exr0n","date":"2021-10-01T07:31:26.081Z"}
